c:\users\student\desktop\private\プロジェクト\2dstg c++\debug\vc140.pdb
c:\users\student\desktop\private\プロジェクト\2dstg c++\debug\vc140.idb
c:\users\student\desktop\private\プロジェクト\2dstg c++\debug\minimap.obj
c:\users\student\desktop\private\プロジェクト\2dstg c++\debug\particle.obj
c:\users\student\desktop\private\プロジェクト\2dstg c++\debug\spritesheet.obj
c:\users\student\desktop\private\プロジェクト\2dstg c++\debug\fade.obj
c:\users\student\desktop\private\プロジェクト\2dstg c++\debug\game.obj
c:\users\student\desktop\private\プロジェクト\2dstg c++\debug\input.obj
c:\users\student\desktop\private\プロジェクト\2dstg c++\debug\life.obj
c:\users\student\desktop\private\プロジェクト\2dstg c++\debug\main.obj
c:\users\student\desktop\private\プロジェクト\2dstg c++\debug\manager.obj
c:\users\student\desktop\private\プロジェクト\2dstg c++\debug\number.obj
c:\users\student\desktop\private\プロジェクト\2dstg c++\debug\player.obj
c:\users\student\desktop\private\プロジェクト\2dstg c++\debug\renderer.obj
c:\users\student\desktop\private\プロジェクト\2dstg c++\debug\result.obj
c:\users\student\desktop\private\プロジェクト\2dstg c++\debug\scene.obj
c:\users\student\desktop\private\プロジェクト\2dstg c++\debug\scene2d.obj
c:\users\student\desktop\private\プロジェクト\2dstg c++\debug\score.obj
c:\users\student\desktop\private\プロジェクト\2dstg c++\debug\sound.obj
c:\users\student\desktop\private\プロジェクト\2dstg c++\debug\textureloader.obj
c:\users\student\desktop\private\プロジェクト\2dstg c++\debug\title.obj
c:\users\student\desktop\private\プロジェクト\2dstg c++\debug\wave.obj
c:\users\student\desktop\private\プロジェクト\2dstg c++\debug\bg.obj
c:\users\student\desktop\private\プロジェクト\2dstg c++\debug\bullet.obj
c:\users\student\desktop\private\プロジェクト\2dstg c++\debug\camera.obj
c:\users\student\desktop\private\プロジェクト\2dstg c++\debug\collision.obj
c:\users\student\desktop\private\プロジェクト\2dstg c++\debug\crosshair.obj
c:\users\student\desktop\private\プロジェクト\2dstg c++\debug\debugger.obj
c:\users\student\desktop\private\プロジェクト\2dstg c++\debug\effect.obj
c:\users\student\desktop\private\プロジェクト\2dstg c++\debug\enemy.obj
c:\users\student\desktop\private\プロジェクト\2dstg c++\debug\enemy_charger.obj
c:\users\student\desktop\private\プロジェクト\2dstg c++\debug\enemy_gunner.obj
c:\users\student\desktop\private\プロジェクト\2dstg c++\debug\help.obj
c:\users\student\desktop\private\プロジェクト\2dstg c++\debug\pause.obj
c:\users\student\desktop\private\プロジェクト\2dstg c++\debug\energy.obj
c:\users\student\desktop\private\プロジェクト\2dstg c++\debug\2dstg c++.ilk
c:\users\student\desktop\private\プロジェクト\2dstg c++\debug\2dstg c++.exe
c:\users\student\desktop\private\プロジェクト\2dstg c++\debug\2dstg c++.pdb
c:\users\student\desktop\private\プロジェクト\2dstg c++\debug\particle.obj.enc
c:\users\student\desktop\private\プロジェクト\2dstg c++\debug\2dstg c++.tlog\cl.command.1.tlog
c:\users\student\desktop\private\プロジェクト\2dstg c++\debug\2dstg c++.tlog\cl.read.1.tlog
c:\users\student\desktop\private\プロジェクト\2dstg c++\debug\2dstg c++.tlog\cl.write.1.tlog
c:\users\student\desktop\private\プロジェクト\2dstg c++\debug\2dstg c++.tlog\link.command.1.tlog
c:\users\student\desktop\private\プロジェクト\2dstg c++\debug\2dstg c++.tlog\link.read.1.tlog
c:\users\student\desktop\private\プロジェクト\2dstg c++\debug\2dstg c++.tlog\link.write.1.tlog
