  wall.cpp
d:\souta\desktop\private\ゲーム\3dactiongame\0214\directx3d\main.h(10): fatal error C1083: include ファイルを開けません。'd3dx9.h':No such file or directory
  title.cpp
d:\souta\desktop\private\ゲーム\3dactiongame\0214\directx3d\main.h(10): fatal error C1083: include ファイルを開けません。'd3dx9.h':No such file or directory
  shadow.cpp
d:\souta\desktop\private\ゲーム\3dactiongame\0214\directx3d\main.h(10): fatal error C1083: include ファイルを開けません。'd3dx9.h':No such file or directory
  result.cpp
d:\souta\desktop\private\ゲーム\3dactiongame\0214\directx3d\main.h(10): fatal error C1083: include ファイルを開けません。'd3dx9.h':No such file or directory
  polygon.cpp
d:\souta\desktop\private\ゲーム\3dactiongame\0214\directx3d\main.h(10): fatal error C1083: include ファイルを開けません。'd3dx9.h':No such file or directory
  player.cpp
d:\souta\desktop\private\ゲーム\3dactiongame\0214\directx3d\main.h(10): fatal error C1083: include ファイルを開けません。'd3dx9.h':No such file or directory
  motion.cpp
d:\souta\desktop\private\ゲーム\3dactiongame\0214\directx3d\main.h(10): fatal error C1083: include ファイルを開けません。'd3dx9.h':No such file or directory
  model.cpp
d:\souta\desktop\private\ゲーム\3dactiongame\0214\directx3d\main.h(10): fatal error C1083: include ファイルを開けません。'd3dx9.h':No such file or directory
  meshfield.cpp
d:\souta\desktop\private\ゲーム\3dactiongame\0214\directx3d\main.h(10): fatal error C1083: include ファイルを開けません。'd3dx9.h':No such file or directory
  main.cpp
d:\souta\desktop\private\ゲーム\3dactiongame\0214\directx3d\main.h(10): fatal error C1083: include ファイルを開けません。'd3dx9.h':No such file or directory
  light.cpp
d:\souta\desktop\private\ゲーム\3dactiongame\0214\directx3d\main.h(10): fatal error C1083: include ファイルを開けません。'd3dx9.h':No such file or directory
  input.cpp
d:\souta\desktop\private\ゲーム\3dactiongame\0214\directx3d\main.h(10): fatal error C1083: include ファイルを開けません。'd3dx9.h':No such file or directory
  game.cpp
d:\souta\desktop\private\ゲーム\3dactiongame\0214\directx3d\main.h(10): fatal error C1083: include ファイルを開けません。'd3dx9.h':No such file or directory
  field.cpp
d:\souta\desktop\private\ゲーム\3dactiongame\0214\directx3d\main.h(10): fatal error C1083: include ファイルを開けません。'd3dx9.h':No such file or directory
  fade.cpp
d:\souta\desktop\private\ゲーム\3dactiongame\0214\directx3d\main.h(10): fatal error C1083: include ファイルを開けません。'd3dx9.h':No such file or directory
  camera.cpp
d:\souta\desktop\private\ゲーム\3dactiongame\0214\directx3d\main.h(10): fatal error C1083: include ファイルを開けません。'd3dx9.h':No such file or directory
  bullet.cpp
d:\souta\desktop\private\ゲーム\3dactiongame\0214\directx3d\main.h(10): fatal error C1083: include ファイルを開けません。'd3dx9.h':No such file or directory
  billboard.cpp
d:\souta\desktop\private\ゲーム\3dactiongame\0214\directx3d\main.h(10): fatal error C1083: include ファイルを開けません。'd3dx9.h':No such file or directory
  コードを生成中...
