c:\users\student\desktop\private\プロジェクト\2dstg c++\release\vc140.pdb
c:\users\student\desktop\private\プロジェクト\2dstg c++\release\result.obj
c:\users\student\desktop\private\プロジェクト\2dstg c++\release\renderer.obj
c:\users\student\desktop\private\プロジェクト\2dstg c++\release\player.obj
c:\users\student\desktop\private\プロジェクト\2dstg c++\release\number.obj
c:\users\student\desktop\private\プロジェクト\2dstg c++\release\manager.obj
c:\users\student\desktop\private\プロジェクト\2dstg c++\release\main.obj
c:\users\student\desktop\private\プロジェクト\2dstg c++\release\life.obj
c:\users\student\desktop\private\プロジェクト\2dstg c++\release\input.obj
c:\users\student\desktop\private\プロジェクト\2dstg c++\release\game.obj
c:\users\student\desktop\private\プロジェクト\2dstg c++\release\fade.obj
c:\users\student\desktop\private\プロジェクト\2dstg c++\release\spritesheet.obj
c:\users\student\desktop\private\プロジェクト\2dstg c++\release\enemy_gunner.obj
c:\users\student\desktop\private\プロジェクト\2dstg c++\release\enemy_charger.obj
c:\users\student\desktop\private\プロジェクト\2dstg c++\release\enemy.obj
c:\users\student\desktop\private\プロジェクト\2dstg c++\release\effect.obj
c:\users\student\desktop\private\プロジェクト\2dstg c++\release\debugger.obj
c:\users\student\desktop\private\プロジェクト\2dstg c++\release\crosshair.obj
c:\users\student\desktop\private\プロジェクト\2dstg c++\release\camera.obj
c:\users\student\desktop\private\プロジェクト\2dstg c++\release\bullet.obj
c:\users\student\desktop\private\プロジェクト\2dstg c++\release\bg.obj
c:\users\student\desktop\private\プロジェクト\2dstg c++\release\title.obj
c:\users\student\desktop\private\プロジェクト\2dstg c++\release\textureloader.obj
c:\users\student\desktop\private\プロジェクト\2dstg c++\release\sound.obj
c:\users\student\desktop\private\プロジェクト\2dstg c++\release\score.obj
c:\users\student\desktop\private\プロジェクト\2dstg c++\release\scene2d.obj
c:\users\student\desktop\private\プロジェクト\2dstg c++\release\scene.obj
c:\users\student\desktop\private\プロジェクト\2dstg c++\release\minimap.obj
c:\users\student\desktop\private\プロジェクト\2dstg c++\release\help.obj
c:\users\student\desktop\private\プロジェクト\2dstg c++\release\wave.obj
c:\users\student\desktop\private\プロジェクト\2dstg c++\release\collision.obj
c:\users\student\desktop\private\プロジェクト\2dstg c++\release\particle.obj
c:\users\student\desktop\private\プロジェクト\2dstg c++\release\pause.obj
c:\users\student\desktop\private\プロジェクト\2dstg c++\release\energy.obj
c:\users\student\desktop\private\プロジェクト\2dstg c++\release\2dstg c++.exe
c:\users\student\desktop\private\プロジェクト\2dstg c++\release\2dstg c++.ipdb
c:\users\student\desktop\private\プロジェクト\2dstg c++\release\2dstg c++.iobj
c:\users\student\desktop\private\プロジェクト\2dstg c++\release\2dstg c++.pdb
c:\users\student\desktop\private\プロジェクト\2dstg c++\release\explosion.obj
c:\users\student\desktop\private\プロジェクト\2dstg c++\release\2dstg c++.tlog\cl.command.1.tlog
c:\users\student\desktop\private\プロジェクト\2dstg c++\release\2dstg c++.tlog\cl.read.1.tlog
c:\users\student\desktop\private\プロジェクト\2dstg c++\release\2dstg c++.tlog\cl.write.1.tlog
c:\users\student\desktop\private\プロジェクト\2dstg c++\release\2dstg c++.tlog\link.command.1.tlog
c:\users\student\desktop\private\プロジェクト\2dstg c++\release\2dstg c++.tlog\link.read.1.tlog
c:\users\student\desktop\private\プロジェクト\2dstg c++\release\2dstg c++.tlog\link.write.1.tlog
