  beam.cpp
  bg.cpp
  bg3d.cpp
  boss_core.cpp
  boss_manager.cpp
  boss_turret.cpp
  bullet.cpp
  camera.cpp
  camera3d.cpp
  collision.cpp
  crosshair.cpp
  debris.cpp
  debugger.cpp
  effect.cpp
  enemy.cpp
  enemy_charger.cpp
  enemy_gunner.cpp
  energy.cpp
  fade.cpp
  game.cpp
  コンパイル中...
  help.cpp
  life.cpp
  light.cpp
  main.cpp
  manager.cpp
  minimap.cpp
  number.cpp
  orb.cpp
  particle.cpp
  pause.cpp
  player.cpp
  renderer.cpp
  result.cpp
  scene.cpp
  scene2D.cpp
  score.cpp
  spritesheet.cpp
  textureloader.cpp
  title.cpp
  wave.cpp
  コード生成しています。
  21 of 1113 functions ( 1.9%) were compiled, the rest were copied from previous compilation.
    1 functions were new in current compilation
    14 functions had inline decision re-evaluated but remain unchanged
  コード生成が終了しました。
  2DSTG C++.vcxproj -> C:\Users\student\Desktop\private\プロジェクト\2DSTG C++\Release\2DSTG C++.exe
  2DSTG C++.vcxproj -> C:\Users\student\Desktop\private\プロジェクト\2DSTG C++\Release\2DSTG C++.pdb (Full PDB)
