c:\users\student\documents\visual studio 2015\projects\directx3d\release\vc140.pdb
c:\users\student\documents\visual studio 2015\projects\directx3d\release\wall.obj
c:\users\student\documents\visual studio 2015\projects\directx3d\release\shadow.obj
c:\users\student\documents\visual studio 2015\projects\directx3d\release\polygon.obj
c:\users\student\documents\visual studio 2015\projects\directx3d\release\model.obj
c:\users\student\documents\visual studio 2015\projects\directx3d\release\main.obj
c:\users\student\documents\visual studio 2015\projects\directx3d\release\light.obj
c:\users\student\documents\visual studio 2015\projects\directx3d\release\input.obj
c:\users\student\documents\visual studio 2015\projects\directx3d\release\camera.obj
c:\users\student\documents\visual studio 2015\projects\directx3d\release\billboard.obj
c:\users\student\documents\visual studio 2015\projects\directx3d\release\title.obj
c:\users\student\documents\visual studio 2015\projects\directx3d\release\result.obj
c:\users\student\documents\visual studio 2015\projects\directx3d\release\player.obj
c:\users\student\documents\visual studio 2015\projects\directx3d\release\motion.obj
c:\users\student\documents\visual studio 2015\projects\directx3d\release\meshfield.obj
c:\users\student\documents\visual studio 2015\projects\directx3d\release\game.obj
c:\users\student\documents\visual studio 2015\projects\directx3d\release\fade.obj
c:\users\student\documents\visual studio 2015\projects\directx3d\release\bullet.obj
c:\users\student\documents\visual studio 2015\projects\directx3d\release\field.obj
c:\users\student\desktop\private\ゲーム\3dactiongame\0214\directx3d\release\vc140.pdb
c:\users\student\desktop\private\ゲーム\3dactiongame\0214\directx3d\release\title.obj
c:\users\student\desktop\private\ゲーム\3dactiongame\0214\directx3d\release\shadow.obj
c:\users\student\desktop\private\ゲーム\3dactiongame\0214\directx3d\release\result.obj
c:\users\student\desktop\private\ゲーム\3dactiongame\0214\directx3d\release\polygon.obj
c:\users\student\desktop\private\ゲーム\3dactiongame\0214\directx3d\release\player.obj
c:\users\student\desktop\private\ゲーム\3dactiongame\0214\directx3d\release\motion.obj
c:\users\student\desktop\private\ゲーム\3dactiongame\0214\directx3d\release\model.obj
c:\users\student\desktop\private\ゲーム\3dactiongame\0214\directx3d\release\meshfield.obj
c:\users\student\desktop\private\ゲーム\3dactiongame\0214\directx3d\release\main.obj
c:\users\student\desktop\private\ゲーム\3dactiongame\0214\directx3d\release\light.obj
c:\users\student\desktop\private\ゲーム\3dactiongame\0214\directx3d\release\input.obj
c:\users\student\desktop\private\ゲーム\3dactiongame\0214\directx3d\release\healthbar.obj
c:\users\student\desktop\private\ゲーム\3dactiongame\0214\directx3d\release\game.obj
c:\users\student\desktop\private\ゲーム\3dactiongame\0214\directx3d\release\field.obj
c:\users\student\desktop\private\ゲーム\3dactiongame\0214\directx3d\release\fade.obj
c:\users\student\desktop\private\ゲーム\3dactiongame\0214\directx3d\release\enemy.obj
c:\users\student\desktop\private\ゲーム\3dactiongame\0214\directx3d\release\collision.obj
c:\users\student\desktop\private\ゲーム\3dactiongame\0214\directx3d\release\camera.obj
c:\users\student\desktop\private\ゲーム\3dactiongame\0214\directx3d\release\bullet.obj
c:\users\student\desktop\private\ゲーム\3dactiongame\0214\directx3d\release\billboard.obj
c:\users\student\desktop\private\ゲーム\3dactiongame\0214\directx3d\release\wall.obj
c:\users\student\desktop\private\ゲーム\3dactiongame\0214\directx3d\release\ui.obj
c:\users\student\desktop\private\ゲーム\3dactiongame\0214\directx3d\release\sound.obj
c:\users\student\documents\visual studio 2015\projects\directx3d\release\directx3d.exe
c:\users\student\documents\visual studio 2015\projects\directx3d\release\directx3d.ipdb
c:\users\student\documents\visual studio 2015\projects\directx3d\release\directx3d.iobj
c:\users\student\documents\visual studio 2015\projects\directx3d\release\directx3d.pdb
c:\users\student\desktop\private\ゲーム\3dactiongame\0214\directx3d\release\directx3d.exe
c:\users\student\desktop\private\ゲーム\3dactiongame\0214\directx3d\release\directx3d.ipdb
c:\users\student\desktop\private\ゲーム\3dactiongame\0214\directx3d\release\directx3d.iobj
c:\users\student\desktop\private\ゲーム\3dactiongame\0214\directx3d\release\directx3d.pdb
c:\users\student\desktop\private\ゲーム\3dactiongame\0214\directx3d\release\directx3d.tlog\cl.command.1.tlog
c:\users\student\desktop\private\ゲーム\3dactiongame\0214\directx3d\release\directx3d.tlog\cl.read.1.tlog
c:\users\student\desktop\private\ゲーム\3dactiongame\0214\directx3d\release\directx3d.tlog\cl.write.1.tlog
c:\users\student\desktop\private\ゲーム\3dactiongame\0214\directx3d\release\directx3d.tlog\link.command.1.tlog
c:\users\student\desktop\private\ゲーム\3dactiongame\0214\directx3d\release\directx3d.tlog\link.read.1.tlog
c:\users\student\desktop\private\ゲーム\3dactiongame\0214\directx3d\release\directx3d.tlog\link.write.1.tlog
